<?xml version="1.0" encoding="UTF-8"?>
<testsuite name="test_guest_arrival_tests.TestHotelReservation-20240426192700" tests="3" file="test_guest_arrival_tests.py" time="0.124" timestamp="2024-04-26T19:27:00" failures="0" errors="1" skipped="0">
	<testcase classname="test_guest_arrival_tests.TestHotelReservation" name="test_case_valid_reservation_invalid_arrival_date" time="0.005" timestamp="2024-04-26T19:27:00"/>
	<testcase classname="test_guest_arrival_tests.TestHotelReservation" name="test_get_reservation_data_manipulated_tests" time="0.005" timestamp="2024-04-26T19:27:00"/>
	<testcase classname="test_guest_arrival_tests.TestHotelReservation" name="test_parametrized_cases_tests [RF2 1VALID]" time="0.114" timestamp="2024-04-26T19:27:00">
		<error type="AttributeError" message="'StayJsonStore' object has no attribute 'data_list'"><![CDATA[Traceback (most recent call last):
  File "/Library/Frameworks/Python.framework/Versions/3.10/lib/python3.10/unittest/case.py", line 59, in testPartExecutor
    yield
  File "/Library/Frameworks/Python.framework/Versions/3.10/lib/python3.10/unittest/case.py", line 498, in subTest
    yield
  File "/Users/ellaz-j/PycharmProjects/G88.2024.T06.EG3/src/unittest/python/test_guest_arrival_tests.py", line 102, in test_parametrized_cases_tests
    valor = mngr.guest_arrival(test_file)
  File "/Users/ellaz-j/PycharmProjects/G88.2024.T06.EG3/src/main/python/uc3m_travel/hotel_manager.py", line 51, in guest_arrival
    if stay_json_store.find_item("_HotelStay__room_key", my_checkin.room_key):
  File "/Users/ellaz-j/PycharmProjects/G88.2024.T06.EG3/src/main/python/storage/stay_json_store.py", line 25, in find_item
    super().load_list_from_file()
  File "/Users/ellaz-j/PycharmProjects/G88.2024.T06.EG3/src/main/python/storage/json_store.py", line 41, in load_list_from_file
    return self.data_list
AttributeError: 'StayJsonStore' object has no attribute 'data_list'
]]></error>
	</testcase>
</testsuite>
