<?xml version="1.0" encoding="UTF-8"?>
<testsuite name="test_checkout_tests.TestDeliverProduct-20240424233602" tests="7" file="test_checkout_tests.py" time="0.048" timestamp="2024-04-24T23:36:02" failures="0" errors="2" skipped="0">
	<testcase classname="test_checkout_tests.TestDeliverProduct" name="test_checkin_code_not_found_date_signature" time="0.005" timestamp="2024-04-24T23:36:02"/>
	<testcase classname="test_checkout_tests.TestDeliverProduct" name="test_guest_checkout_bad_date_signature" time="0.005" timestamp="2024-04-24T23:36:02"/>
	<testcase classname="test_checkout_tests.TestDeliverProduct" name="test_guest_checkout_no_date" time="0.005" timestamp="2024-04-24T23:36:02"/>
	<testcase classname="test_checkout_tests.TestDeliverProduct" name="test_guest_checkout_no_store_check_in" time="0.005" timestamp="2024-04-24T23:36:02"/>
	<testcase classname="test_checkout_tests.TestDeliverProduct" name="test_guest_checkout_store_check_in_is_empty" time="0.005" timestamp="2024-04-24T23:36:02"/>
	<testcase classname="test_checkout_tests.TestDeliverProduct" name="test_already_checkout" time="0.019" timestamp="2024-04-24T23:36:02">
		<error type="KeyError" message="'room_key'"><![CDATA[Traceback (most recent call last):
  File "/Library/Frameworks/Python.framework/Versions/3.10/lib/python3.10/unittest/case.py", line 59, in testPartExecutor
    yield
  File "/Library/Frameworks/Python.framework/Versions/3.10/lib/python3.10/unittest/case.py", line 591, in run
    self._callTestMethod(testMethod)
  File "/Library/Frameworks/Python.framework/Versions/3.10/lib/python3.10/unittest/case.py", line 549, in _callTestMethod
    method()
  File "/Users/ellaz-j/PycharmProjects/G88.2024.T06.EG3/venv/lib/python3.10/site-packages/freezegun/api.py", line 827, in wrapper
    result = func(*args, **kwargs)
  File "/Users/ellaz-j/PycharmProjects/G88.2024.T06.EG3/src/unittest/python/test_checkout_tests.py", line 75, in test_already_checkout
    value = my_manager.guest_checkout(
  File "/Users/ellaz-j/PycharmProjects/G88.2024.T06.EG3/src/main/python/uc3m_travel/hotel_manager.py", line 168, in guest_checkout
    HotelStay.get_stay_from_room_key(room_key)
  File "/Users/ellaz-j/PycharmProjects/G88.2024.T06.EG3/src/main/python/uc3m_travel/hotel_stay.py", line 92, in get_stay_from_room_key
    if stay.find_item("room_key", room_key):
  File "/Users/ellaz-j/PycharmProjects/G88.2024.T06.EG3/src/main/python/storage/stay_json_store.py", line 26, in find_item
    return super().find_item(key, value)
  File "/Users/ellaz-j/PycharmProjects/G88.2024.T06.EG3/src/main/python/storage/json_store.py", line 48, in find_item
    if item[key] == value:
KeyError: 'room_key'
]]></error>
	</testcase>
	<testcase classname="test_checkout_tests.TestDeliverProduct" name="test_checkout_ok" time="0.005" timestamp="2024-04-24T23:36:02">
		<error type="KeyError" message="'room_key'"><![CDATA[Traceback (most recent call last):
  File "/Library/Frameworks/Python.framework/Versions/3.10/lib/python3.10/unittest/case.py", line 59, in testPartExecutor
    yield
  File "/Library/Frameworks/Python.framework/Versions/3.10/lib/python3.10/unittest/case.py", line 591, in run
    self._callTestMethod(testMethod)
  File "/Library/Frameworks/Python.framework/Versions/3.10/lib/python3.10/unittest/case.py", line 549, in _callTestMethod
    method()
  File "/Users/ellaz-j/PycharmProjects/G88.2024.T06.EG3/venv/lib/python3.10/site-packages/freezegun/api.py", line 827, in wrapper
    result = func(*args, **kwargs)
  File "/Users/ellaz-j/PycharmProjects/G88.2024.T06.EG3/src/unittest/python/test_checkout_tests.py", line 55, in test_checkout_ok
    value = my_manager.guest_checkout(
  File "/Users/ellaz-j/PycharmProjects/G88.2024.T06.EG3/src/main/python/uc3m_travel/hotel_manager.py", line 168, in guest_checkout
    HotelStay.get_stay_from_room_key(room_key)
  File "/Users/ellaz-j/PycharmProjects/G88.2024.T06.EG3/src/main/python/uc3m_travel/hotel_stay.py", line 92, in get_stay_from_room_key
    if stay.find_item("room_key", room_key):
  File "/Users/ellaz-j/PycharmProjects/G88.2024.T06.EG3/src/main/python/storage/stay_json_store.py", line 26, in find_item
    return super().find_item(key, value)
  File "/Users/ellaz-j/PycharmProjects/G88.2024.T06.EG3/src/main/python/storage/json_store.py", line 48, in find_item
    if item[key] == value:
KeyError: 'room_key'
]]></error>
	</testcase>
</testsuite>
