<?xml version="1.0" encoding="UTF-8"?>
<testsuite name="test_guest_arrival_tests.TestHotelReservation-20240420191152" tests="3" file="test_guest_arrival_tests.py" time="0.120" timestamp="2024-04-20T19:11:52" failures="0" errors="1" skipped="0">
	<testcase classname="test_guest_arrival_tests.TestHotelReservation" name="test_case_valid_reservation_invalid_arrival_date" time="0.004" timestamp="2024-04-20T19:11:52"/>
	<testcase classname="test_guest_arrival_tests.TestHotelReservation" name="test_get_reservation_data_manipulated_tests" time="0.004" timestamp="2024-04-20T19:11:52"/>
	<testcase classname="test_guest_arrival_tests.TestHotelReservation" name="test_parametrized_cases_tests [RF2 1VALID]" time="0.112" timestamp="2024-04-20T19:11:52">
		<error type="HotelManagementException" message="Error: localizer not found"><![CDATA[Traceback (most recent call last):
  File "/Library/Developer/CommandLineTools/Library/Frameworks/Python3.framework/Versions/3.9/lib/python3.9/unittest/case.py", line 59, in testPartExecutor
    yield
  File "/Library/Developer/CommandLineTools/Library/Frameworks/Python3.framework/Versions/3.9/lib/python3.9/unittest/case.py", line 499, in subTest
    yield
  File "/Users/a19787/PycharmProjects/G88.2024.T06.EG3/src/unittest/python/test_guest_arrival_tests.py", line 102, in test_parametrized_cases_tests
    valor = mngr.guest_arrival(test_file)
  File "/Users/a19787/PycharmProjects/G88.2024.T06.EG3/src/main/python/uc3m_travel/hotel_manager.py", line 154, in guest_arrival
    my_checkin = HotelStay(idcard=my_id_card, localizer=my_localizer)
  File "/Users/a19787/PycharmProjects/G88.2024.T06.EG3/src/main/python/uc3m_travel/hotel_stay.py", line 26, in __init__
    reservation = HotelReservation.load_reservation_from_localizer(self.localizer)
  File "/Users/a19787/PycharmProjects/G88.2024.T06.EG3/src/main/python/uc3m_travel/hotel_reservation.py", line 89, in load_reservation_from_localizer
    raise HotelManagementException("Error: localizer not found")
uc3m_travel.hotel_management_exception.HotelManagementException: Error: localizer not found
]]></error>
	</testcase>
</testsuite>
