<?xml version="1.0" encoding="UTF-8"?>
<testsuite name="test_room_reservation_tests.TestHotelReservation-20240425143835" tests="6" file="test_room_reservation_tests.py" time="0.067" timestamp="2024-04-25T14:38:35" failures="0" errors="6" skipped="0">
	<testcase classname="test_room_reservation_tests.TestHotelReservation" name="test_duplicated_id_reservation_tests" time="0.001" timestamp="2024-04-25T14:38:35">
		<error type="TypeError" message="JsonStore.__init__() takes 1 positional argument but 2 were given"><![CDATA[Traceback (most recent call last):
  File "/Library/Frameworks/Python.framework/Versions/3.10/lib/python3.10/unittest/case.py", line 59, in testPartExecutor
    yield
  File "/Library/Frameworks/Python.framework/Versions/3.10/lib/python3.10/unittest/case.py", line 591, in run
    self._callTestMethod(testMethod)
  File "/Library/Frameworks/Python.framework/Versions/3.10/lib/python3.10/unittest/case.py", line 549, in _callTestMethod
    method()
  File "/Users/ellaz-j/PycharmProjects/G88.2024.T06.EG3/src/unittest/python/test_room_reservation_tests.py", line 98, in test_duplicated_id_reservation_tests
    mngr.room_reservation(credit_card=credit_card_number,
  File "/Users/ellaz-j/PycharmProjects/G88.2024.T06.EG3/src/main/python/uc3m_travel/hotel_manager.py", line 37, in room_reservation
    json_store_res = ReservationJsonStore()
  File "/Users/ellaz-j/PycharmProjects/G88.2024.T06.EG3/src/main/python/storage/reservation_json_store.py", line 15, in __init__
    super().__init__(self)
TypeError: JsonStore.__init__() takes 1 positional argument but 2 were given
]]></error>
	</testcase>
	<testcase classname="test_room_reservation_tests.TestHotelReservation" name="test_duplicated_reservation_tests" time="0.003" timestamp="2024-04-25T14:38:35">
		<error type="TypeError" message="JsonStore.__init__() takes 1 positional argument but 2 were given"><![CDATA[Traceback (most recent call last):
  File "/Library/Frameworks/Python.framework/Versions/3.10/lib/python3.10/unittest/case.py", line 59, in testPartExecutor
    yield
  File "/Library/Frameworks/Python.framework/Versions/3.10/lib/python3.10/unittest/case.py", line 591, in run
    self._callTestMethod(testMethod)
  File "/Library/Frameworks/Python.framework/Versions/3.10/lib/python3.10/unittest/case.py", line 549, in _callTestMethod
    method()
  File "/Users/ellaz-j/PycharmProjects/G88.2024.T06.EG3/venv/lib/python3.10/site-packages/freezegun/api.py", line 827, in wrapper
    result = func(*args, **kwargs)
  File "/Users/ellaz-j/PycharmProjects/G88.2024.T06.EG3/src/unittest/python/test_room_reservation_tests.py", line 52, in test_duplicated_reservation_tests
    mngr.room_reservation(credit_card=credit_card_number,
  File "/Users/ellaz-j/PycharmProjects/G88.2024.T06.EG3/src/main/python/uc3m_travel/hotel_manager.py", line 37, in room_reservation
    json_store_res = ReservationJsonStore()
  File "/Users/ellaz-j/PycharmProjects/G88.2024.T06.EG3/src/main/python/storage/reservation_json_store.py", line 15, in __init__
    super().__init__(self)
TypeError: JsonStore.__init__() takes 1 positional argument but 2 were given
]]></error>
	</testcase>
	<testcase classname="test_room_reservation_tests.TestHotelReservation" name="test_parametrized_cases_tests [TC1VALID]" time="0.000" timestamp="0001-01-01T00:00:00">
		<error type="TypeError" message="JsonStore.__init__() takes 1 positional argument but 2 were given"><![CDATA[Traceback (most recent call last):
  File "/Library/Frameworks/Python.framework/Versions/3.10/lib/python3.10/unittest/case.py", line 59, in testPartExecutor
    yield
  File "/Library/Frameworks/Python.framework/Versions/3.10/lib/python3.10/unittest/case.py", line 498, in subTest
    yield
  File "/Users/ellaz-j/PycharmProjects/G88.2024.T06.EG3/src/unittest/python/test_room_reservation_tests.py", line 163, in test_parametrized_cases_tests
    valor = mngr.room_reservation(credit_card=credit_card_number,
  File "/Users/ellaz-j/PycharmProjects/G88.2024.T06.EG3/src/main/python/uc3m_travel/hotel_manager.py", line 37, in room_reservation
    json_store_res = ReservationJsonStore()
  File "/Users/ellaz-j/PycharmProjects/G88.2024.T06.EG3/src/main/python/storage/reservation_json_store.py", line 15, in __init__
    super().__init__(self)
TypeError: JsonStore.__init__() takes 1 positional argument but 2 were given
]]></error>
	</testcase>
	<testcase classname="test_room_reservation_tests.TestHotelReservation" name="test_parametrized_cases_tests [TC2VALID]" time="0.000" timestamp="0001-01-01T00:00:00">
		<error type="TypeError" message="JsonStore.__init__() takes 1 positional argument but 2 were given"><![CDATA[Traceback (most recent call last):
  File "/Library/Frameworks/Python.framework/Versions/3.10/lib/python3.10/unittest/case.py", line 59, in testPartExecutor
    yield
  File "/Library/Frameworks/Python.framework/Versions/3.10/lib/python3.10/unittest/case.py", line 498, in subTest
    yield
  File "/Users/ellaz-j/PycharmProjects/G88.2024.T06.EG3/src/unittest/python/test_room_reservation_tests.py", line 163, in test_parametrized_cases_tests
    valor = mngr.room_reservation(credit_card=credit_card_number,
  File "/Users/ellaz-j/PycharmProjects/G88.2024.T06.EG3/src/main/python/uc3m_travel/hotel_manager.py", line 37, in room_reservation
    json_store_res = ReservationJsonStore()
  File "/Users/ellaz-j/PycharmProjects/G88.2024.T06.EG3/src/main/python/storage/reservation_json_store.py", line 15, in __init__
    super().__init__(self)
TypeError: JsonStore.__init__() takes 1 positional argument but 2 were given
]]></error>
	</testcase>
	<testcase classname="test_room_reservation_tests.TestHotelReservation" name="test_parametrized_cases_tests [TC3VALID]" time="0.000" timestamp="0001-01-01T00:00:00">
		<error type="TypeError" message="JsonStore.__init__() takes 1 positional argument but 2 were given"><![CDATA[Traceback (most recent call last):
  File "/Library/Frameworks/Python.framework/Versions/3.10/lib/python3.10/unittest/case.py", line 59, in testPartExecutor
    yield
  File "/Library/Frameworks/Python.framework/Versions/3.10/lib/python3.10/unittest/case.py", line 498, in subTest
    yield
  File "/Users/ellaz-j/PycharmProjects/G88.2024.T06.EG3/src/unittest/python/test_room_reservation_tests.py", line 163, in test_parametrized_cases_tests
    valor = mngr.room_reservation(credit_card=credit_card_number,
  File "/Users/ellaz-j/PycharmProjects/G88.2024.T06.EG3/src/main/python/uc3m_travel/hotel_manager.py", line 37, in room_reservation
    json_store_res = ReservationJsonStore()
  File "/Users/ellaz-j/PycharmProjects/G88.2024.T06.EG3/src/main/python/storage/reservation_json_store.py", line 15, in __init__
    super().__init__(self)
TypeError: JsonStore.__init__() takes 1 positional argument but 2 were given
]]></error>
	</testcase>
	<testcase classname="test_room_reservation_tests.TestHotelReservation" name="test_parametrized_cases_tests [TC4VALID]" time="0.063" timestamp="2024-04-25T14:38:35">
		<error type="TypeError" message="JsonStore.__init__() takes 1 positional argument but 2 were given"><![CDATA[Traceback (most recent call last):
  File "/Library/Frameworks/Python.framework/Versions/3.10/lib/python3.10/unittest/case.py", line 59, in testPartExecutor
    yield
  File "/Library/Frameworks/Python.framework/Versions/3.10/lib/python3.10/unittest/case.py", line 498, in subTest
    yield
  File "/Users/ellaz-j/PycharmProjects/G88.2024.T06.EG3/src/unittest/python/test_room_reservation_tests.py", line 163, in test_parametrized_cases_tests
    valor = mngr.room_reservation(credit_card=credit_card_number,
  File "/Users/ellaz-j/PycharmProjects/G88.2024.T06.EG3/src/main/python/uc3m_travel/hotel_manager.py", line 37, in room_reservation
    json_store_res = ReservationJsonStore()
  File "/Users/ellaz-j/PycharmProjects/G88.2024.T06.EG3/src/main/python/storage/reservation_json_store.py", line 15, in __init__
    super().__init__(self)
TypeError: JsonStore.__init__() takes 1 positional argument but 2 were given
]]></error>
	</testcase>
</testsuite>
