<?xml version="1.0" encoding="UTF-8"?>
<testsuite name="test_room_reservation_tests.TestHotelReservation-20240418144449" tests="6" file="test_room_reservation_tests.py" time="0.071" timestamp="2024-04-18T14:44:50" failures="1" errors="5" skipped="0">
	<testcase classname="test_room_reservation_tests.TestHotelReservation" name="test_parametrized_cases_tests [TC29INVALID]" time="0.066" timestamp="2024-04-18T14:44:50">
		<failure type="AssertionError" message="'Invalid num_days datatype' != 'Numdays should be in the range 1-10'
- Invalid num_days datatype
+ Numdays should be in the range 1-10
"><![CDATA[Traceback (most recent call last):
  File "/Library/Developer/CommandLineTools/Library/Frameworks/Python3.framework/Versions/3.9/lib/python3.9/unittest/case.py", line 59, in testPartExecutor
    yield
  File "/Library/Developer/CommandLineTools/Library/Frameworks/Python3.framework/Versions/3.9/lib/python3.9/unittest/case.py", line 499, in subTest
    yield
  File "/Users/a19787/PycharmProjects/G88.2024.T06.EG3/src/unittest/python/test_room_reservation_tests.py", line 206, in test_parametrized_cases_tests
    self.assertEqual(c_m.exception.message, result)
  File "/Library/Developer/CommandLineTools/Library/Frameworks/Python3.framework/Versions/3.9/lib/python3.9/unittest/case.py", line 831, in assertEqual
    assertion_func(first, second, msg=msg)
  File "/Library/Developer/CommandLineTools/Library/Frameworks/Python3.framework/Versions/3.9/lib/python3.9/unittest/case.py", line 1211, in assertMultiLineEqual
    self.fail(self._formatMessage(msg, standardMsg))
  File "/Library/Developer/CommandLineTools/Library/Frameworks/Python3.framework/Versions/3.9/lib/python3.9/unittest/case.py", line 670, in fail
    raise self.failureException(msg)
AssertionError: 'Invalid num_days datatype' != 'Numdays should be in the range 1-10'
- Invalid num_days datatype
+ Numdays should be in the range 1-10

]]></failure>
	</testcase>
	<testcase classname="test_room_reservation_tests.TestHotelReservation" name="test_duplicated_id_reservation_tests" time="0.002" timestamp="2024-04-18T14:44:50">
		<error type="HotelManagementException" message="Invalid num_days datatype"><![CDATA[Traceback (most recent call last):
  File "/Library/Developer/CommandLineTools/Library/Frameworks/Python3.framework/Versions/3.9/lib/python3.9/unittest/case.py", line 59, in testPartExecutor
    yield
  File "/Library/Developer/CommandLineTools/Library/Frameworks/Python3.framework/Versions/3.9/lib/python3.9/unittest/case.py", line 593, in run
    self._callTestMethod(testMethod)
  File "/Library/Developer/CommandLineTools/Library/Frameworks/Python3.framework/Versions/3.9/lib/python3.9/unittest/case.py", line 550, in _callTestMethod
    method()
  File "/Users/a19787/PycharmProjects/G88.2024.T06.EG3/src/unittest/python/test_room_reservation_tests.py", line 98, in test_duplicated_id_reservation_tests
    mngr.room_reservation(credit_card=credit_card_number,
  File "/Users/a19787/PycharmProjects/G88.2024.T06.EG3/src/main/python/uc3m_travel/hotel_manager.py", line 170, in room_reservation
    valid_num_days = NumDays(num_days)
  File "/Users/a19787/PycharmProjects/G88.2024.T06.EG3/src/main/python/attributes/attribute_num_days.py", line 11, in __init__
    self._attr_value = self._validate(attr_value)
  File "/Users/a19787/PycharmProjects/G88.2024.T06.EG3/src/main/python/attributes/attribute_num_days.py", line 14, in _validate
    super()._validate(str(attr_value))
  File "/Users/a19787/PycharmProjects/G88.2024.T06.EG3/src/main/python/attributes/attribute.py", line 17, in _validate
    raise HotelManagementException(self._error_message)
uc3m_travel.hotel_management_exception.HotelManagementException: Invalid num_days datatype
]]></error>
	</testcase>
	<testcase classname="test_room_reservation_tests.TestHotelReservation" name="test_duplicated_reservation_tests" time="0.003" timestamp="2024-04-18T14:44:50">
		<error type="HotelManagementException" message="Invalid num_days datatype"><![CDATA[Traceback (most recent call last):
  File "/Library/Developer/CommandLineTools/Library/Frameworks/Python3.framework/Versions/3.9/lib/python3.9/unittest/case.py", line 59, in testPartExecutor
    yield
  File "/Library/Developer/CommandLineTools/Library/Frameworks/Python3.framework/Versions/3.9/lib/python3.9/unittest/case.py", line 593, in run
    self._callTestMethod(testMethod)
  File "/Library/Developer/CommandLineTools/Library/Frameworks/Python3.framework/Versions/3.9/lib/python3.9/unittest/case.py", line 550, in _callTestMethod
    method()
  File "/Users/a19787/PycharmProjects/G88.2024.T06.EG3/.venv/lib/python3.9/site-packages/freezegun/api.py", line 827, in wrapper
    result = func(*args, **kwargs)
  File "/Users/a19787/PycharmProjects/G88.2024.T06.EG3/src/unittest/python/test_room_reservation_tests.py", line 52, in test_duplicated_reservation_tests
    mngr.room_reservation(credit_card=credit_card_number,
  File "/Users/a19787/PycharmProjects/G88.2024.T06.EG3/src/main/python/uc3m_travel/hotel_manager.py", line 170, in room_reservation
    valid_num_days = NumDays(num_days)
  File "/Users/a19787/PycharmProjects/G88.2024.T06.EG3/src/main/python/attributes/attribute_num_days.py", line 11, in __init__
    self._attr_value = self._validate(attr_value)
  File "/Users/a19787/PycharmProjects/G88.2024.T06.EG3/src/main/python/attributes/attribute_num_days.py", line 14, in _validate
    super()._validate(str(attr_value))
  File "/Users/a19787/PycharmProjects/G88.2024.T06.EG3/src/main/python/attributes/attribute.py", line 17, in _validate
    raise HotelManagementException(self._error_message)
uc3m_travel.hotel_management_exception.HotelManagementException: Invalid num_days datatype
]]></error>
	</testcase>
	<testcase classname="test_room_reservation_tests.TestHotelReservation" name="test_parametrized_cases_tests [TC1VALID]" time="0.000" timestamp="0001-01-01T00:00:00">
		<error type="HotelManagementException" message="Invalid num_days datatype"><![CDATA[Traceback (most recent call last):
  File "/Library/Developer/CommandLineTools/Library/Frameworks/Python3.framework/Versions/3.9/lib/python3.9/unittest/case.py", line 59, in testPartExecutor
    yield
  File "/Library/Developer/CommandLineTools/Library/Frameworks/Python3.framework/Versions/3.9/lib/python3.9/unittest/case.py", line 499, in subTest
    yield
  File "/Users/a19787/PycharmProjects/G88.2024.T06.EG3/src/unittest/python/test_room_reservation_tests.py", line 163, in test_parametrized_cases_tests
    valor = mngr.room_reservation(credit_card=credit_card_number,
  File "/Users/a19787/PycharmProjects/G88.2024.T06.EG3/src/main/python/uc3m_travel/hotel_manager.py", line 170, in room_reservation
    valid_num_days = NumDays(num_days)
  File "/Users/a19787/PycharmProjects/G88.2024.T06.EG3/src/main/python/attributes/attribute_num_days.py", line 11, in __init__
    self._attr_value = self._validate(attr_value)
  File "/Users/a19787/PycharmProjects/G88.2024.T06.EG3/src/main/python/attributes/attribute_num_days.py", line 14, in _validate
    super()._validate(str(attr_value))
  File "/Users/a19787/PycharmProjects/G88.2024.T06.EG3/src/main/python/attributes/attribute.py", line 17, in _validate
    raise HotelManagementException(self._error_message)
uc3m_travel.hotel_management_exception.HotelManagementException: Invalid num_days datatype
]]></error>
	</testcase>
	<testcase classname="test_room_reservation_tests.TestHotelReservation" name="test_parametrized_cases_tests [TC2VALID]" time="0.000" timestamp="0001-01-01T00:00:00">
		<error type="HotelManagementException" message="Invalid num_days datatype"><![CDATA[Traceback (most recent call last):
  File "/Library/Developer/CommandLineTools/Library/Frameworks/Python3.framework/Versions/3.9/lib/python3.9/unittest/case.py", line 59, in testPartExecutor
    yield
  File "/Library/Developer/CommandLineTools/Library/Frameworks/Python3.framework/Versions/3.9/lib/python3.9/unittest/case.py", line 499, in subTest
    yield
  File "/Users/a19787/PycharmProjects/G88.2024.T06.EG3/src/unittest/python/test_room_reservation_tests.py", line 163, in test_parametrized_cases_tests
    valor = mngr.room_reservation(credit_card=credit_card_number,
  File "/Users/a19787/PycharmProjects/G88.2024.T06.EG3/src/main/python/uc3m_travel/hotel_manager.py", line 170, in room_reservation
    valid_num_days = NumDays(num_days)
  File "/Users/a19787/PycharmProjects/G88.2024.T06.EG3/src/main/python/attributes/attribute_num_days.py", line 11, in __init__
    self._attr_value = self._validate(attr_value)
  File "/Users/a19787/PycharmProjects/G88.2024.T06.EG3/src/main/python/attributes/attribute_num_days.py", line 14, in _validate
    super()._validate(str(attr_value))
  File "/Users/a19787/PycharmProjects/G88.2024.T06.EG3/src/main/python/attributes/attribute.py", line 17, in _validate
    raise HotelManagementException(self._error_message)
uc3m_travel.hotel_management_exception.HotelManagementException: Invalid num_days datatype
]]></error>
	</testcase>
	<testcase classname="test_room_reservation_tests.TestHotelReservation" name="test_parametrized_cases_tests [TC3VALID]" time="0.000" timestamp="0001-01-01T00:00:00">
		<error type="HotelManagementException" message="Invalid num_days datatype"><![CDATA[Traceback (most recent call last):
  File "/Library/Developer/CommandLineTools/Library/Frameworks/Python3.framework/Versions/3.9/lib/python3.9/unittest/case.py", line 59, in testPartExecutor
    yield
  File "/Library/Developer/CommandLineTools/Library/Frameworks/Python3.framework/Versions/3.9/lib/python3.9/unittest/case.py", line 499, in subTest
    yield
  File "/Users/a19787/PycharmProjects/G88.2024.T06.EG3/src/unittest/python/test_room_reservation_tests.py", line 163, in test_parametrized_cases_tests
    valor = mngr.room_reservation(credit_card=credit_card_number,
  File "/Users/a19787/PycharmProjects/G88.2024.T06.EG3/src/main/python/uc3m_travel/hotel_manager.py", line 170, in room_reservation
    valid_num_days = NumDays(num_days)
  File "/Users/a19787/PycharmProjects/G88.2024.T06.EG3/src/main/python/attributes/attribute_num_days.py", line 11, in __init__
    self._attr_value = self._validate(attr_value)
  File "/Users/a19787/PycharmProjects/G88.2024.T06.EG3/src/main/python/attributes/attribute_num_days.py", line 14, in _validate
    super()._validate(str(attr_value))
  File "/Users/a19787/PycharmProjects/G88.2024.T06.EG3/src/main/python/attributes/attribute.py", line 17, in _validate
    raise HotelManagementException(self._error_message)
uc3m_travel.hotel_management_exception.HotelManagementException: Invalid num_days datatype
]]></error>
	</testcase>
</testsuite>
