<?xml version="1.0" encoding="UTF-8"?>
<testsuite name="test_room_reservation_tests.TestHotelReservation-20240425235805" tests="6" file="test_room_reservation_tests.py" time="0.197" timestamp="2024-04-25T23:58:06" failures="0" errors="6" skipped="0">
	<testcase classname="test_room_reservation_tests.TestHotelReservation" name="test_duplicated_id_reservation_tests" time="0.006" timestamp="2024-04-25T23:58:06">
		<error type="AttributeError" message="'NoneType' object has no attribute 'find_item'"><![CDATA[Traceback (most recent call last):
  File "/Library/Frameworks/Python.framework/Versions/3.12/lib/python3.12/unittest/case.py", line 58, in testPartExecutor
    yield
  File "/Library/Frameworks/Python.framework/Versions/3.12/lib/python3.12/unittest/case.py", line 634, in run
    self._callTestMethod(testMethod)
    ^^^^^^^^^^^^^^^^^
  File "/Library/Frameworks/Python.framework/Versions/3.12/lib/python3.12/unittest/case.py", line 589, in _callTestMethod
    if method() is not None:
    ^^^^^^^^^^^^^^^^^
  File "/Users/natedamstra/PycharmProjects/G88.2024.T06.EG3/src/unittest/python/test_room_reservation_tests.py", line 98, in test_duplicated_id_reservation_tests
    mngr.room_reservation(credit_card=credit_card_number,
    ^^^^^^^^^^^^^^^^^
  File "/Users/natedamstra/PycharmProjects/G88.2024.T06.EG3/src/main/python/uc3m_travel/hotel_manager.py", line 41, in room_reservation
    if json_store_res.find_item("_HotelReservation__localizer", my_reservation.localizer):
    ^^^^^^^^^^^^^^^^^
AttributeError: 'NoneType' object has no attribute 'find_item'
]]></error>
	</testcase>
	<testcase classname="test_room_reservation_tests.TestHotelReservation" name="test_duplicated_reservation_tests" time="0.009" timestamp="2024-04-25T23:58:06">
		<error type="AttributeError" message="'NoneType' object has no attribute 'find_item'"><![CDATA[Traceback (most recent call last):
  File "/Library/Frameworks/Python.framework/Versions/3.12/lib/python3.12/unittest/case.py", line 58, in testPartExecutor
    yield
  File "/Library/Frameworks/Python.framework/Versions/3.12/lib/python3.12/unittest/case.py", line 634, in run
    self._callTestMethod(testMethod)
    ^^^^^^^^^^^^^^^^^
  File "/Library/Frameworks/Python.framework/Versions/3.12/lib/python3.12/unittest/case.py", line 589, in _callTestMethod
    if method() is not None:
    ^^^^^^^^^^^^^^^^^
  File "/Users/natedamstra/PycharmProjects/G88.2024.T06.EG3/.venv/lib/python3.12/site-packages/freezegun/api.py", line 827, in wrapper
    result = func(*args, **kwargs)
    ^^^^^^^^^^^^^^^^^
  File "/Users/natedamstra/PycharmProjects/G88.2024.T06.EG3/src/unittest/python/test_room_reservation_tests.py", line 52, in test_duplicated_reservation_tests
    mngr.room_reservation(credit_card=credit_card_number,
    ^^^^^^^^^^^^^^^^^
  File "/Users/natedamstra/PycharmProjects/G88.2024.T06.EG3/src/main/python/uc3m_travel/hotel_manager.py", line 41, in room_reservation
    if json_store_res.find_item("_HotelReservation__localizer", my_reservation.localizer):
    ^^^^^^^^^^^^^^^^^
AttributeError: 'NoneType' object has no attribute 'find_item'
]]></error>
	</testcase>
	<testcase classname="test_room_reservation_tests.TestHotelReservation" name="test_parametrized_cases_tests [TC1VALID]" time="0.000" timestamp="0001-01-01T00:00:00">
		<error type="AttributeError" message="'NoneType' object has no attribute 'find_item'"><![CDATA[Traceback (most recent call last):
  File "/Library/Frameworks/Python.framework/Versions/3.12/lib/python3.12/unittest/case.py", line 58, in testPartExecutor
    yield
  File "/Library/Frameworks/Python.framework/Versions/3.12/lib/python3.12/unittest/case.py", line 539, in subTest
    yield
  File "/Users/natedamstra/PycharmProjects/G88.2024.T06.EG3/src/unittest/python/test_room_reservation_tests.py", line 163, in test_parametrized_cases_tests
    valor = mngr.room_reservation(credit_card=credit_card_number,
    ^^^^^^^^^^^^^^^^^
  File "/Users/natedamstra/PycharmProjects/G88.2024.T06.EG3/src/main/python/uc3m_travel/hotel_manager.py", line 41, in room_reservation
    if json_store_res.find_item("_HotelReservation__localizer", my_reservation.localizer):
    ^^^^^^^^^^^^^^^^^
AttributeError: 'NoneType' object has no attribute 'find_item'
]]></error>
	</testcase>
	<testcase classname="test_room_reservation_tests.TestHotelReservation" name="test_parametrized_cases_tests [TC2VALID]" time="0.000" timestamp="0001-01-01T00:00:00">
		<error type="AttributeError" message="'NoneType' object has no attribute 'find_item'"><![CDATA[Traceback (most recent call last):
  File "/Library/Frameworks/Python.framework/Versions/3.12/lib/python3.12/unittest/case.py", line 58, in testPartExecutor
    yield
  File "/Library/Frameworks/Python.framework/Versions/3.12/lib/python3.12/unittest/case.py", line 539, in subTest
    yield
  File "/Users/natedamstra/PycharmProjects/G88.2024.T06.EG3/src/unittest/python/test_room_reservation_tests.py", line 163, in test_parametrized_cases_tests
    valor = mngr.room_reservation(credit_card=credit_card_number,
    ^^^^^^^^^^^^^^^^^
  File "/Users/natedamstra/PycharmProjects/G88.2024.T06.EG3/src/main/python/uc3m_travel/hotel_manager.py", line 41, in room_reservation
    if json_store_res.find_item("_HotelReservation__localizer", my_reservation.localizer):
    ^^^^^^^^^^^^^^^^^
AttributeError: 'NoneType' object has no attribute 'find_item'
]]></error>
	</testcase>
	<testcase classname="test_room_reservation_tests.TestHotelReservation" name="test_parametrized_cases_tests [TC3VALID]" time="0.000" timestamp="0001-01-01T00:00:00">
		<error type="AttributeError" message="'NoneType' object has no attribute 'find_item'"><![CDATA[Traceback (most recent call last):
  File "/Library/Frameworks/Python.framework/Versions/3.12/lib/python3.12/unittest/case.py", line 58, in testPartExecutor
    yield
  File "/Library/Frameworks/Python.framework/Versions/3.12/lib/python3.12/unittest/case.py", line 539, in subTest
    yield
  File "/Users/natedamstra/PycharmProjects/G88.2024.T06.EG3/src/unittest/python/test_room_reservation_tests.py", line 163, in test_parametrized_cases_tests
    valor = mngr.room_reservation(credit_card=credit_card_number,
    ^^^^^^^^^^^^^^^^^
  File "/Users/natedamstra/PycharmProjects/G88.2024.T06.EG3/src/main/python/uc3m_travel/hotel_manager.py", line 41, in room_reservation
    if json_store_res.find_item("_HotelReservation__localizer", my_reservation.localizer):
    ^^^^^^^^^^^^^^^^^
AttributeError: 'NoneType' object has no attribute 'find_item'
]]></error>
	</testcase>
	<testcase classname="test_room_reservation_tests.TestHotelReservation" name="test_parametrized_cases_tests [TC4VALID]" time="0.182" timestamp="2024-04-25T23:58:06">
		<error type="AttributeError" message="'NoneType' object has no attribute 'find_item'"><![CDATA[Traceback (most recent call last):
  File "/Library/Frameworks/Python.framework/Versions/3.12/lib/python3.12/unittest/case.py", line 58, in testPartExecutor
    yield
  File "/Library/Frameworks/Python.framework/Versions/3.12/lib/python3.12/unittest/case.py", line 539, in subTest
    yield
  File "/Users/natedamstra/PycharmProjects/G88.2024.T06.EG3/src/unittest/python/test_room_reservation_tests.py", line 163, in test_parametrized_cases_tests
    valor = mngr.room_reservation(credit_card=credit_card_number,
    ^^^^^^^^^^^^^^^^^
  File "/Users/natedamstra/PycharmProjects/G88.2024.T06.EG3/src/main/python/uc3m_travel/hotel_manager.py", line 41, in room_reservation
    if json_store_res.find_item("_HotelReservation__localizer", my_reservation.localizer):
    ^^^^^^^^^^^^^^^^^
AttributeError: 'NoneType' object has no attribute 'find_item'
]]></error>
	</testcase>
</testsuite>
