<?xml version="1.0" encoding="UTF-8"?>
<testsuite name="unittest.loader._FailedTest-20240419141206" tests="3" file="unittest/loader.py" time="0.004" timestamp="2024-04-19T14:12:06" failures="0" errors="3" skipped="0">
	<testcase classname="unittest.loader._FailedTest" name="test_checkout_tests" time="0.002" timestamp="2024-04-19T14:12:06">
		<error type="ImportError" message="Failed to import test module: test_checkout_tests
Traceback (most recent call last):
  File &quot;/Library/Developer/CommandLineTools/Library/Frameworks/Python3.framework/Versions/3.9/lib/python3.9/unittest/loader.py&quot;, line 154, in loadTestsFromName
    module = __import__(module_name)
  File &quot;/Users/a19787/PycharmProjects/G88.2024.T06.EG3/src/unittest/python/test_checkout_tests.py&quot;, line 7, in &lt;module&gt;
    from uc3m_travel import HotelManager
  File &quot;/Users/a19787/PycharmProjects/G88.2024.T06.EG3/src/main/python/uc3m_travel/__init__.py&quot;, line 2, in &lt;module&gt;
    from .hotel_reservation import HotelReservation
  File &quot;/Users/a19787/PycharmProjects/G88.2024.T06.EG3/src/main/python/uc3m_travel/hotel_reservation.py&quot;, line 7, in &lt;module&gt;
    from src.main.python.attributes.attribute_room_type import RoomType
ModuleNotFoundError: No module named 'src'
"><![CDATA[Traceback (most recent call last):
  File "/Library/Developer/CommandLineTools/Library/Frameworks/Python3.framework/Versions/3.9/lib/python3.9/unittest/case.py", line 59, in testPartExecutor
    yield
  File "/Library/Developer/CommandLineTools/Library/Frameworks/Python3.framework/Versions/3.9/lib/python3.9/unittest/case.py", line 593, in run
    self._callTestMethod(testMethod)
  File "/Library/Developer/CommandLineTools/Library/Frameworks/Python3.framework/Versions/3.9/lib/python3.9/unittest/case.py", line 550, in _callTestMethod
    method()
  File "/Library/Developer/CommandLineTools/Library/Frameworks/Python3.framework/Versions/3.9/lib/python3.9/unittest/loader.py", line 34, in testFailure
    raise self._exception
ImportError: Failed to import test module: test_checkout_tests
Traceback (most recent call last):
  File "/Library/Developer/CommandLineTools/Library/Frameworks/Python3.framework/Versions/3.9/lib/python3.9/unittest/loader.py", line 154, in loadTestsFromName
    module = __import__(module_name)
  File "/Users/a19787/PycharmProjects/G88.2024.T06.EG3/src/unittest/python/test_checkout_tests.py", line 7, in <module>
    from uc3m_travel import HotelManager
  File "/Users/a19787/PycharmProjects/G88.2024.T06.EG3/src/main/python/uc3m_travel/__init__.py", line 2, in <module>
    from .hotel_reservation import HotelReservation
  File "/Users/a19787/PycharmProjects/G88.2024.T06.EG3/src/main/python/uc3m_travel/hotel_reservation.py", line 7, in <module>
    from src.main.python.attributes.attribute_room_type import RoomType
ModuleNotFoundError: No module named 'src'

]]></error>
	</testcase>
	<testcase classname="unittest.loader._FailedTest" name="test_guest_arrival_tests" time="0.000" timestamp="2024-04-19T14:12:06">
		<error type="ImportError" message="Failed to import test module: test_guest_arrival_tests
Traceback (most recent call last):
  File &quot;/Library/Developer/CommandLineTools/Library/Frameworks/Python3.framework/Versions/3.9/lib/python3.9/unittest/loader.py&quot;, line 154, in loadTestsFromName
    module = __import__(module_name)
  File &quot;/Users/a19787/PycharmProjects/G88.2024.T06.EG3/src/unittest/python/test_guest_arrival_tests.py&quot;, line 10, in &lt;module&gt;
    from uc3m_travel import (JSON_FILES_PATH,
  File &quot;/Users/a19787/PycharmProjects/G88.2024.T06.EG3/src/main/python/uc3m_travel/__init__.py&quot;, line 2, in &lt;module&gt;
    from .hotel_reservation import HotelReservation
  File &quot;/Users/a19787/PycharmProjects/G88.2024.T06.EG3/src/main/python/uc3m_travel/hotel_reservation.py&quot;, line 7, in &lt;module&gt;
    from src.main.python.attributes.attribute_room_type import RoomType
ModuleNotFoundError: No module named 'src'
"><![CDATA[Traceback (most recent call last):
  File "/Library/Developer/CommandLineTools/Library/Frameworks/Python3.framework/Versions/3.9/lib/python3.9/unittest/case.py", line 59, in testPartExecutor
    yield
  File "/Library/Developer/CommandLineTools/Library/Frameworks/Python3.framework/Versions/3.9/lib/python3.9/unittest/case.py", line 593, in run
    self._callTestMethod(testMethod)
  File "/Library/Developer/CommandLineTools/Library/Frameworks/Python3.framework/Versions/3.9/lib/python3.9/unittest/case.py", line 550, in _callTestMethod
    method()
  File "/Library/Developer/CommandLineTools/Library/Frameworks/Python3.framework/Versions/3.9/lib/python3.9/unittest/loader.py", line 34, in testFailure
    raise self._exception
ImportError: Failed to import test module: test_guest_arrival_tests
Traceback (most recent call last):
  File "/Library/Developer/CommandLineTools/Library/Frameworks/Python3.framework/Versions/3.9/lib/python3.9/unittest/loader.py", line 154, in loadTestsFromName
    module = __import__(module_name)
  File "/Users/a19787/PycharmProjects/G88.2024.T06.EG3/src/unittest/python/test_guest_arrival_tests.py", line 10, in <module>
    from uc3m_travel import (JSON_FILES_PATH,
  File "/Users/a19787/PycharmProjects/G88.2024.T06.EG3/src/main/python/uc3m_travel/__init__.py", line 2, in <module>
    from .hotel_reservation import HotelReservation
  File "/Users/a19787/PycharmProjects/G88.2024.T06.EG3/src/main/python/uc3m_travel/hotel_reservation.py", line 7, in <module>
    from src.main.python.attributes.attribute_room_type import RoomType
ModuleNotFoundError: No module named 'src'

]]></error>
	</testcase>
	<testcase classname="unittest.loader._FailedTest" name="test_room_reservation_tests" time="0.001" timestamp="2024-04-19T14:12:06">
		<error type="ImportError" message="Failed to import test module: test_room_reservation_tests
Traceback (most recent call last):
  File &quot;/Library/Developer/CommandLineTools/Library/Frameworks/Python3.framework/Versions/3.9/lib/python3.9/unittest/loader.py&quot;, line 154, in loadTestsFromName
    module = __import__(module_name)
  File &quot;/Users/a19787/PycharmProjects/G88.2024.T06.EG3/src/unittest/python/test_room_reservation_tests.py&quot;, line 9, in &lt;module&gt;
    from uc3m_travel import (JSON_FILES_PATH,
  File &quot;/Users/a19787/PycharmProjects/G88.2024.T06.EG3/src/main/python/uc3m_travel/__init__.py&quot;, line 2, in &lt;module&gt;
    from .hotel_reservation import HotelReservation
  File &quot;/Users/a19787/PycharmProjects/G88.2024.T06.EG3/src/main/python/uc3m_travel/hotel_reservation.py&quot;, line 7, in &lt;module&gt;
    from src.main.python.attributes.attribute_room_type import RoomType
ModuleNotFoundError: No module named 'src'
"><![CDATA[Traceback (most recent call last):
  File "/Library/Developer/CommandLineTools/Library/Frameworks/Python3.framework/Versions/3.9/lib/python3.9/unittest/case.py", line 59, in testPartExecutor
    yield
  File "/Library/Developer/CommandLineTools/Library/Frameworks/Python3.framework/Versions/3.9/lib/python3.9/unittest/case.py", line 593, in run
    self._callTestMethod(testMethod)
  File "/Library/Developer/CommandLineTools/Library/Frameworks/Python3.framework/Versions/3.9/lib/python3.9/unittest/case.py", line 550, in _callTestMethod
    method()
  File "/Library/Developer/CommandLineTools/Library/Frameworks/Python3.framework/Versions/3.9/lib/python3.9/unittest/loader.py", line 34, in testFailure
    raise self._exception
ImportError: Failed to import test module: test_room_reservation_tests
Traceback (most recent call last):
  File "/Library/Developer/CommandLineTools/Library/Frameworks/Python3.framework/Versions/3.9/lib/python3.9/unittest/loader.py", line 154, in loadTestsFromName
    module = __import__(module_name)
  File "/Users/a19787/PycharmProjects/G88.2024.T06.EG3/src/unittest/python/test_room_reservation_tests.py", line 9, in <module>
    from uc3m_travel import (JSON_FILES_PATH,
  File "/Users/a19787/PycharmProjects/G88.2024.T06.EG3/src/main/python/uc3m_travel/__init__.py", line 2, in <module>
    from .hotel_reservation import HotelReservation
  File "/Users/a19787/PycharmProjects/G88.2024.T06.EG3/src/main/python/uc3m_travel/hotel_reservation.py", line 7, in <module>
    from src.main.python.attributes.attribute_room_type import RoomType
ModuleNotFoundError: No module named 'src'

]]></error>
	</testcase>
</testsuite>
