<?xml version="1.0" encoding="UTF-8"?>
<testsuite name="unittest.loader._FailedTest-20240426185104" tests="3" file="unittest/loader.py" time="0.002" timestamp="2024-04-26T18:51:04" failures="0" errors="3" skipped="0">
	<testcase classname="unittest.loader._FailedTest" name="test_checkout_tests" time="0.001" timestamp="2024-04-26T18:51:04">
		<error type="ImportError" message="Failed to import test module: test_checkout_tests
Traceback (most recent call last):
  File &quot;/Library/Frameworks/Python.framework/Versions/3.10/lib/python3.10/unittest/loader.py&quot;, line 154, in loadTestsFromName
    module = __import__(module_name)
  File &quot;/Users/ellaz-j/PycharmProjects/G88.2024.T06.EG3/src/unittest/python/test_checkout_tests.py&quot;, line 7, in &lt;module&gt;
    from uc3m_travel import HotelManager
  File &quot;/Users/ellaz-j/PycharmProjects/G88.2024.T06.EG3/src/main/python/uc3m_travel/__init__.py&quot;, line 3, in &lt;module&gt;
    from .hotel_manager import HotelManager
  File &quot;/Users/ellaz-j/PycharmProjects/G88.2024.T06.EG3/src/main/python/uc3m_travel/hotel_manager.py&quot;, line 6, in &lt;module&gt;
    from uc3m_travel.JsonParser import JsonParser
ModuleNotFoundError: No module named 'uc3m_travel.JsonParser'
"><![CDATA[Traceback (most recent call last):
  File "/Library/Frameworks/Python.framework/Versions/3.10/lib/python3.10/unittest/case.py", line 59, in testPartExecutor
    yield
  File "/Library/Frameworks/Python.framework/Versions/3.10/lib/python3.10/unittest/case.py", line 591, in run
    self._callTestMethod(testMethod)
  File "/Library/Frameworks/Python.framework/Versions/3.10/lib/python3.10/unittest/case.py", line 549, in _callTestMethod
    method()
  File "/Library/Frameworks/Python.framework/Versions/3.10/lib/python3.10/unittest/loader.py", line 34, in testFailure
    raise self._exception
ImportError: Failed to import test module: test_checkout_tests
Traceback (most recent call last):
  File "/Library/Frameworks/Python.framework/Versions/3.10/lib/python3.10/unittest/loader.py", line 154, in loadTestsFromName
    module = __import__(module_name)
  File "/Users/ellaz-j/PycharmProjects/G88.2024.T06.EG3/src/unittest/python/test_checkout_tests.py", line 7, in <module>
    from uc3m_travel import HotelManager
  File "/Users/ellaz-j/PycharmProjects/G88.2024.T06.EG3/src/main/python/uc3m_travel/__init__.py", line 3, in <module>
    from .hotel_manager import HotelManager
  File "/Users/ellaz-j/PycharmProjects/G88.2024.T06.EG3/src/main/python/uc3m_travel/hotel_manager.py", line 6, in <module>
    from uc3m_travel.JsonParser import JsonParser
ModuleNotFoundError: No module named 'uc3m_travel.JsonParser'

]]></error>
	</testcase>
	<testcase classname="unittest.loader._FailedTest" name="test_guest_arrival_tests" time="0.000" timestamp="2024-04-26T18:51:04">
		<error type="ImportError" message="Failed to import test module: test_guest_arrival_tests
Traceback (most recent call last):
  File &quot;/Library/Frameworks/Python.framework/Versions/3.10/lib/python3.10/unittest/loader.py&quot;, line 154, in loadTestsFromName
    module = __import__(module_name)
  File &quot;/Users/ellaz-j/PycharmProjects/G88.2024.T06.EG3/src/unittest/python/test_guest_arrival_tests.py&quot;, line 10, in &lt;module&gt;
    from uc3m_travel import (JSON_FILES_PATH,
  File &quot;/Users/ellaz-j/PycharmProjects/G88.2024.T06.EG3/src/main/python/uc3m_travel/__init__.py&quot;, line 3, in &lt;module&gt;
    from .hotel_manager import HotelManager
  File &quot;/Users/ellaz-j/PycharmProjects/G88.2024.T06.EG3/src/main/python/uc3m_travel/hotel_manager.py&quot;, line 6, in &lt;module&gt;
    from uc3m_travel.JsonParser import JsonParser
ModuleNotFoundError: No module named 'uc3m_travel.JsonParser'
"><![CDATA[Traceback (most recent call last):
  File "/Library/Frameworks/Python.framework/Versions/3.10/lib/python3.10/unittest/case.py", line 59, in testPartExecutor
    yield
  File "/Library/Frameworks/Python.framework/Versions/3.10/lib/python3.10/unittest/case.py", line 591, in run
    self._callTestMethod(testMethod)
  File "/Library/Frameworks/Python.framework/Versions/3.10/lib/python3.10/unittest/case.py", line 549, in _callTestMethod
    method()
  File "/Library/Frameworks/Python.framework/Versions/3.10/lib/python3.10/unittest/loader.py", line 34, in testFailure
    raise self._exception
ImportError: Failed to import test module: test_guest_arrival_tests
Traceback (most recent call last):
  File "/Library/Frameworks/Python.framework/Versions/3.10/lib/python3.10/unittest/loader.py", line 154, in loadTestsFromName
    module = __import__(module_name)
  File "/Users/ellaz-j/PycharmProjects/G88.2024.T06.EG3/src/unittest/python/test_guest_arrival_tests.py", line 10, in <module>
    from uc3m_travel import (JSON_FILES_PATH,
  File "/Users/ellaz-j/PycharmProjects/G88.2024.T06.EG3/src/main/python/uc3m_travel/__init__.py", line 3, in <module>
    from .hotel_manager import HotelManager
  File "/Users/ellaz-j/PycharmProjects/G88.2024.T06.EG3/src/main/python/uc3m_travel/hotel_manager.py", line 6, in <module>
    from uc3m_travel.JsonParser import JsonParser
ModuleNotFoundError: No module named 'uc3m_travel.JsonParser'

]]></error>
	</testcase>
	<testcase classname="unittest.loader._FailedTest" name="test_room_reservation_tests" time="0.001" timestamp="2024-04-26T18:51:04">
		<error type="ImportError" message="Failed to import test module: test_room_reservation_tests
Traceback (most recent call last):
  File &quot;/Library/Frameworks/Python.framework/Versions/3.10/lib/python3.10/unittest/loader.py&quot;, line 154, in loadTestsFromName
    module = __import__(module_name)
  File &quot;/Users/ellaz-j/PycharmProjects/G88.2024.T06.EG3/src/unittest/python/test_room_reservation_tests.py&quot;, line 9, in &lt;module&gt;
    from uc3m_travel import (JSON_FILES_PATH,
  File &quot;/Users/ellaz-j/PycharmProjects/G88.2024.T06.EG3/src/main/python/uc3m_travel/__init__.py&quot;, line 3, in &lt;module&gt;
    from .hotel_manager import HotelManager
  File &quot;/Users/ellaz-j/PycharmProjects/G88.2024.T06.EG3/src/main/python/uc3m_travel/hotel_manager.py&quot;, line 6, in &lt;module&gt;
    from uc3m_travel.JsonParser import JsonParser
ModuleNotFoundError: No module named 'uc3m_travel.JsonParser'
"><![CDATA[Traceback (most recent call last):
  File "/Library/Frameworks/Python.framework/Versions/3.10/lib/python3.10/unittest/case.py", line 59, in testPartExecutor
    yield
  File "/Library/Frameworks/Python.framework/Versions/3.10/lib/python3.10/unittest/case.py", line 591, in run
    self._callTestMethod(testMethod)
  File "/Library/Frameworks/Python.framework/Versions/3.10/lib/python3.10/unittest/case.py", line 549, in _callTestMethod
    method()
  File "/Library/Frameworks/Python.framework/Versions/3.10/lib/python3.10/unittest/loader.py", line 34, in testFailure
    raise self._exception
ImportError: Failed to import test module: test_room_reservation_tests
Traceback (most recent call last):
  File "/Library/Frameworks/Python.framework/Versions/3.10/lib/python3.10/unittest/loader.py", line 154, in loadTestsFromName
    module = __import__(module_name)
  File "/Users/ellaz-j/PycharmProjects/G88.2024.T06.EG3/src/unittest/python/test_room_reservation_tests.py", line 9, in <module>
    from uc3m_travel import (JSON_FILES_PATH,
  File "/Users/ellaz-j/PycharmProjects/G88.2024.T06.EG3/src/main/python/uc3m_travel/__init__.py", line 3, in <module>
    from .hotel_manager import HotelManager
  File "/Users/ellaz-j/PycharmProjects/G88.2024.T06.EG3/src/main/python/uc3m_travel/hotel_manager.py", line 6, in <module>
    from uc3m_travel.JsonParser import JsonParser
ModuleNotFoundError: No module named 'uc3m_travel.JsonParser'

]]></error>
	</testcase>
</testsuite>
