<?xml version="1.0" encoding="UTF-8"?>
<testsuite name="test_guest_arrival_tests.TestHotelReservation-20240419213509" tests="3" file="test_guest_arrival_tests.py" time="0.120" timestamp="2024-04-19T21:35:09" failures="1" errors="0" skipped="0">
	<testcase classname="test_guest_arrival_tests.TestHotelReservation" name="test_case_valid_reservation_invalid_arrival_date" time="0.004" timestamp="2024-04-19T21:35:09"/>
	<testcase classname="test_guest_arrival_tests.TestHotelReservation" name="test_get_reservation_data_manipulated_tests" time="0.004" timestamp="2024-04-19T21:35:09"/>
	<testcase classname="test_guest_arrival_tests.TestHotelReservation" name="test_parametrized_cases_tests [RF2 1VALID]" time="0.111" timestamp="2024-04-19T21:35:09">
		<failure type="AssertionError" message="False is not true"><![CDATA[Traceback (most recent call last):
  File "/Library/Frameworks/Python.framework/Versions/3.10/lib/python3.10/unittest/case.py", line 59, in testPartExecutor
    yield
  File "/Library/Frameworks/Python.framework/Versions/3.10/lib/python3.10/unittest/case.py", line 498, in subTest
    yield
  File "/Users/ellaz-j/PycharmProjects/G88.2024.T06.EG3/src/unittest/python/test_guest_arrival_tests.py", line 111, in test_parametrized_cases_tests
    self.assertTrue(found)
  File "/Library/Frameworks/Python.framework/Versions/3.10/lib/python3.10/unittest/case.py", line 687, in assertTrue
    raise self.failureException(msg)
AssertionError: False is not true
]]></failure>
	</testcase>
</testsuite>
